c:\users\rizhi\documents\курсовая работа\интернет аукцион\интернет аукцион\debug\vc141.pdb
c:\users\rizhi\documents\курсовая работа\интернет аукцион\интернет аукцион\debug\vc141.idb
c:\users\rizhi\documents\курсовая работа\интернет аукцион\интернет аукцион\debug\idgenerator.obj
c:\users\rizhi\documents\курсовая работа\интернет аукцион\интернет аукцион\debug\main.obj
c:\users\rizhi\documents\курсовая работа\интернет аукцион\интернет аукцион\debug\user.obj
d:\labs\kursach\интернет аукцион\интернет аукцион\debug\vc141.pdb
d:\labs\kursach\интернет аукцион\интернет аукцион\debug\vc141.idb
d:\labs\kursach\интернет аукцион\интернет аукцион\debug\user.obj
d:\labs\kursach\интернет аукцион\интернет аукцион\debug\main.obj
d:\labs\kursach\интернет аукцион\интернет аукцион\debug\idgenerator.obj
d:\labs\kursach\интернет аукцион\интернет аукцион\debug\dao.obj
d:\labs\kursach\интернет аукцион\интернет аукцион\debug\seller.obj
d:\labs\kursach\интернет аукцион\интернет аукцион\debug\participant.obj
d:\labs\kursach\интернет аукцион\интернет аукцион\debug\menu.obj
d:\labs\kursach\интернет аукцион\интернет аукцион\debug\lot.obj
d:\labs\kursach\интернет аукцион\debug\интернет аукцион.ilk
d:\labs\kursach\интернет аукцион\debug\интернет аукцион.exe
d:\labs\kursach\интернет аукцион\debug\интернет аукцион.pdb
d:\labs\kursach\интернет аукцион\интернет аукцион\debug\интернет аукцион.tlog\cl.command.1.tlog
d:\labs\kursach\интернет аукцион\интернет аукцион\debug\интернет аукцион.tlog\cl.read.1.tlog
d:\labs\kursach\интернет аукцион\интернет аукцион\debug\интернет аукцион.tlog\cl.write.1.tlog
d:\labs\kursach\интернет аукцион\интернет аукцион\debug\интернет аукцион.tlog\link.command.1.tlog
d:\labs\kursach\интернет аукцион\интернет аукцион\debug\интернет аукцион.tlog\link.read.1.tlog
d:\labs\kursach\интернет аукцион\интернет аукцион\debug\интернет аукцион.tlog\link.write.1.tlog
