  User.cpp
c:\users\rizhi\documents\курсовая работа\интернет аукцион\интернет аукцион\list.h(39): error C2533: List<X>: конструкторы не разрешены для возвращаемого типа
  c:\users\rizhi\documents\курсовая работа\интернет аукцион\интернет аукцион\list.h(138): note: выполняется компиляция ссылки на экземпляр шаблон класс "List<X>"
c:\users\rizhi\documents\курсовая работа\интернет аукцион\интернет аукцион\list.h(39): error C2533: List<Seller>: конструкторы не разрешены для возвращаемого типа
  c:\users\rizhi\documents\курсовая работа\интернет аукцион\интернет аукцион\list.h(142): note: выполняется компиляция ссылки на экземпляр шаблон класс "List<Seller>"
c:\users\rizhi\documents\курсовая работа\интернет аукцион\интернет аукцион\list.h(40): error C2556: List<Seller>::List(void): перегруженная функция отличается от "List<Seller>::List(void)" только возвращаемым типом
  c:\users\rizhi\documents\курсовая работа\интернет аукцион\интернет аукцион\list.h(39): note:  см. объявление "List<Seller>::List"
c:\users\rizhi\documents\курсовая работа\интернет аукцион\интернет аукцион\list.h(40): error C2371: List<Seller>::List: переопределение; различные базовые типы
  c:\users\rizhi\documents\курсовая работа\интернет аукцион\интернет аукцион\list.h(39): note:  см. объявление "List<Seller>::List"
c:\users\rizhi\documents\курсовая работа\интернет аукцион\интернет аукцион\list.h(41): error C2059: синтаксическая ошибка: =
c:\users\rizhi\documents\курсовая работа\интернет аукцион\интернет аукцион\list.h(41): error C2238: непредвиденные лексемы перед ";"
c:\users\rizhi\documents\курсовая работа\интернет аукцион\интернет аукцион\list.h(39): error C2533: List<Participant>: конструкторы не разрешены для возвращаемого типа
  c:\users\rizhi\documents\курсовая работа\интернет аукцион\интернет аукцион\list.h(143): note: выполняется компиляция ссылки на экземпляр шаблон класс "List<Participant>"
c:\users\rizhi\documents\курсовая работа\интернет аукцион\интернет аукцион\list.h(40): error C2556: List<Participant>::List(void): перегруженная функция отличается от "List<Participant>::List(void)" только возвращаемым типом
  c:\users\rizhi\documents\курсовая работа\интернет аукцион\интернет аукцион\list.h(39): note:  см. объявление "List<Participant>::List"
c:\users\rizhi\documents\курсовая работа\интернет аукцион\интернет аукцион\list.h(40): error C2371: List<Participant>::List: переопределение; различные базовые типы
  c:\users\rizhi\documents\курсовая работа\интернет аукцион\интернет аукцион\list.h(39): note:  см. объявление "List<Participant>::List"
c:\users\rizhi\documents\курсовая работа\интернет аукцион\интернет аукцион\list.h(39): error C2533: List<User>: конструкторы не разрешены для возвращаемого типа
  c:\users\rizhi\documents\курсовая работа\интернет аукцион\интернет аукцион\list.h(144): note: выполняется компиляция ссылки на экземпляр шаблон класс "List<User>"
c:\users\rizhi\documents\курсовая работа\интернет аукцион\интернет аукцион\list.h(40): error C2556: List<User>::List(void): перегруженная функция отличается от "List<User>::List(void)" только возвращаемым типом
  c:\users\rizhi\documents\курсовая работа\интернет аукцион\интернет аукцион\list.h(39): note:  см. объявление "List<User>::List"
c:\users\rizhi\documents\курсовая работа\интернет аукцион\интернет аукцион\list.h(40): error C2371: List<User>::List: переопределение; различные базовые типы
  c:\users\rizhi\documents\курсовая работа\интернет аукцион\интернет аукцион\list.h(39): note:  см. объявление "List<User>::List"
c:\users\rizhi\documents\курсовая работа\интернет аукцион\интернет аукцион\list.h(39): error C2533: List<Lot>: конструкторы не разрешены для возвращаемого типа
  c:\users\rizhi\documents\курсовая работа\интернет аукцион\интернет аукцион\list.h(145): note: выполняется компиляция ссылки на экземпляр шаблон класс "List<Lot>"
c:\users\rizhi\documents\курсовая работа\интернет аукцион\интернет аукцион\list.h(40): error C2556: List<Lot>::List(void): перегруженная функция отличается от "List<Lot>::List(void)" только возвращаемым типом
  c:\users\rizhi\documents\курсовая работа\интернет аукцион\интернет аукцион\list.h(39): note:  см. объявление "List<Lot>::List"
c:\users\rizhi\documents\курсовая работа\интернет аукцион\интернет аукцион\list.h(40): error C2371: List<Lot>::List: переопределение; различные базовые типы
  c:\users\rizhi\documents\курсовая работа\интернет аукцион\интернет аукцион\list.h(39): note:  см. объявление "List<Lot>::List"
c:\users\rizhi\documents\курсовая работа\интернет аукцион\интернет аукцион\list.h(147): error C2264: List<Seller>::List: ошибка в определении или объявлении функции; функция не вызвана
c:\users\rizhi\documents\курсовая работа\интернет аукцион\интернет аукцион\list.h(147): error C2264: List<Participant>::List: ошибка в определении или объявлении функции; функция не вызвана
c:\users\rizhi\documents\курсовая работа\интернет аукцион\интернет аукцион\list.h(147): error C2264: List<User>::List: ошибка в определении или объявлении функции; функция не вызвана
c:\users\rizhi\documents\курсовая работа\интернет аукцион\интернет аукцион\list.h(147): error C2264: List<Lot>::List: ошибка в определении или объявлении функции; функция не вызвана
c:\users\rizhi\documents\курсовая работа\интернет аукцион\интернет аукцион\user.cpp(16): error C2264: List<Seller>::List: ошибка в определении или объявлении функции; функция не вызвана
c:\users\rizhi\documents\курсовая работа\интернет аукцион\интернет аукцион\user.cpp(21): error C2440: reinterpret_cast: невозможно преобразовать "std::string" в "char *"
  c:\users\rizhi\documents\курсовая работа\интернет аукцион\интернет аукцион\user.cpp(21): note: Для преобразования требуется конструктор или оператор пользовательского преобразования, который не может использоваться const_cast или reinterpret_cast
c:\users\rizhi\documents\курсовая работа\интернет аукцион\интернет аукцион\user.cpp(23): error C2039: push_back: не является членом "List<Seller>"
  c:\users\rizhi\documents\курсовая работа\интернет аукцион\интернет аукцион\list.h(142): note:  см. объявление "List<Seller>"
c:\users\rizhi\documents\курсовая работа\интернет аукцион\интернет аукцион\user.cpp(47): warning C4804: <: небезопасное использование типа "bool" в операции
c:\users\rizhi\documents\курсовая работа\интернет аукцион\интернет аукцион\user.cpp(83): warning C4018: <: несоответствие типов со знаком и без знака
c:\users\rizhi\documents\курсовая работа\интернет аукцион\интернет аукцион\user.cpp(107): error C2264: List<User>::List: ошибка в определении или объявлении функции; функция не вызвана
c:\users\rizhi\documents\курсовая работа\интернет аукцион\интернет аукцион\user.cpp(123): warning C4804: <: небезопасное использование типа "bool" в операции
c:\users\rizhi\documents\курсовая работа\интернет аукцион\интернет аукцион\user.cpp(150): warning C4804: <: небезопасное использование типа "bool" в операции
c:\users\rizhi\documents\курсовая работа\интернет аукцион\интернет аукцион\user.cpp(183): warning C4804: <: небезопасное использование типа "bool" в операции
c:\users\rizhi\documents\курсовая работа\интернет аукцион\интернет аукцион\user.cpp(203): warning C4804: <: небезопасное использование типа "bool" в операции
c:\users\rizhi\documents\курсовая работа\интернет аукцион\интернет аукцион\user.cpp(221): error C2660: Seller::createLot: функция не принимает 0 аргументов
  Menu.cpp
c:\users\rizhi\documents\курсовая работа\интернет аукцион\интернет аукцион\list.h(39): error C2533: List<X>: конструкторы не разрешены для возвращаемого типа
  c:\users\rizhi\documents\курсовая работа\интернет аукцион\интернет аукцион\list.h(138): note: выполняется компиляция ссылки на экземпляр шаблон класс "List<X>"
c:\users\rizhi\documents\курсовая работа\интернет аукцион\интернет аукцион\list.h(39): error C2533: List<Seller>: конструкторы не разрешены для возвращаемого типа
  c:\users\rizhi\documents\курсовая работа\интернет аукцион\интернет аукцион\list.h(142): note: выполняется компиляция ссылки на экземпляр шаблон класс "List<Seller>"
c:\users\rizhi\documents\курсовая работа\интернет аукцион\интернет аукцион\list.h(40): error C2556: List<Seller>::List(void): перегруженная функция отличается от "List<Seller>::List(void)" только возвращаемым типом
  c:\users\rizhi\documents\курсовая работа\интернет аукцион\интернет аукцион\list.h(39): note:  см. объявление "List<Seller>::List"
c:\users\rizhi\documents\курсовая работа\интернет аукцион\интернет аукцион\list.h(40): error C2371: List<Seller>::List: переопределение; различные базовые типы
  c:\users\rizhi\documents\курсовая работа\интернет аукцион\интернет аукцион\list.h(39): note:  см. объявление "List<Seller>::List"
c:\users\rizhi\documents\курсовая работа\интернет аукцион\интернет аукцион\list.h(41): error C2059: синтаксическая ошибка: =
c:\users\rizhi\documents\курсовая работа\интернет аукцион\интернет аукцион\list.h(41): error C2238: непредвиденные лексемы перед ";"
c:\users\rizhi\documents\курсовая работа\интернет аукцион\интернет аукцион\list.h(39): error C2533: List<Participant>: конструкторы не разрешены для возвращаемого типа
  c:\users\rizhi\documents\курсовая работа\интернет аукцион\интернет аукцион\list.h(143): note: выполняется компиляция ссылки на экземпляр шаблон класс "List<Participant>"
c:\users\rizhi\documents\курсовая работа\интернет аукцион\интернет аукцион\list.h(40): error C2556: List<Participant>::List(void): перегруженная функция отличается от "List<Participant>::List(void)" только возвращаемым типом
  c:\users\rizhi\documents\курсовая работа\интернет аукцион\интернет аукцион\list.h(39): note:  см. объявление "List<Participant>::List"
c:\users\rizhi\documents\курсовая работа\интернет аукцион\интернет аукцион\list.h(40): error C2371: List<Participant>::List: переопределение; различные базовые типы
  c:\users\rizhi\documents\курсовая работа\интернет аукцион\интернет аукцион\list.h(39): note:  см. объявление "List<Participant>::List"
c:\users\rizhi\documents\курсовая работа\интернет аукцион\интернет аукцион\list.h(39): error C2533: List<User>: конструкторы не разрешены для возвращаемого типа
  c:\users\rizhi\documents\курсовая работа\интернет аукцион\интернет аукцион\list.h(144): note: выполняется компиляция ссылки на экземпляр шаблон класс "List<User>"
c:\users\rizhi\documents\курсовая работа\интернет аукцион\интернет аукцион\list.h(40): error C2556: List<User>::List(void): перегруженная функция отличается от "List<User>::List(void)" только возвращаемым типом
  c:\users\rizhi\documents\курсовая работа\интернет аукцион\интернет аукцион\list.h(39): note:  см. объявление "List<User>::List"
c:\users\rizhi\documents\курсовая работа\интернет аукцион\интернет аукцион\list.h(40): error C2371: List<User>::List: переопределение; различные базовые типы
  c:\users\rizhi\documents\курсовая работа\интернет аукцион\интернет аукцион\list.h(39): note:  см. объявление "List<User>::List"
c:\users\rizhi\documents\курсовая работа\интернет аукцион\интернет аукцион\list.h(39): error C2533: List<Lot>: конструкторы не разрешены для возвращаемого типа
  c:\users\rizhi\documents\курсовая работа\интернет аукцион\интернет аукцион\list.h(145): note: выполняется компиляция ссылки на экземпляр шаблон класс "List<Lot>"
c:\users\rizhi\documents\курсовая работа\интернет аукцион\интернет аукцион\list.h(40): error C2556: List<Lot>::List(void): перегруженная функция отличается от "List<Lot>::List(void)" только возвращаемым типом
  c:\users\rizhi\documents\курсовая работа\интернет аукцион\интернет аукцион\list.h(39): note:  см. объявление "List<Lot>::List"
c:\users\rizhi\documents\курсовая работа\интернет аукцион\интернет аукцион\list.h(40): error C2371: List<Lot>::List: переопределение; различные базовые типы
  c:\users\rizhi\documents\курсовая работа\интернет аукцион\интернет аукцион\list.h(39): note:  см. объявление "List<Lot>::List"
c:\users\rizhi\documents\курсовая работа\интернет аукцион\интернет аукцион\list.h(147): error C2264: List<Seller>::List: ошибка в определении или объявлении функции; функция не вызвана
c:\users\rizhi\documents\курсовая работа\интернет аукцион\интернет аукцион\list.h(147): error C2264: List<Participant>::List: ошибка в определении или объявлении функции; функция не вызвана
c:\users\rizhi\documents\курсовая работа\интернет аукцион\интернет аукцион\list.h(147): error C2264: List<User>::List: ошибка в определении или объявлении функции; функция не вызвана
c:\users\rizhi\documents\курсовая работа\интернет аукцион\интернет аукцион\list.h(147): error C2264: List<Lot>::List: ошибка в определении или объявлении функции; функция не вызвана
c:\users\rizhi\documents\курсовая работа\интернет аукцион\интернет аукцион\menu.cpp(143): error C2264: List<User>::List: ошибка в определении или объявлении функции; функция не вызвана
c:\users\rizhi\documents\курсовая работа\интернет аукцион\интернет аукцион\menu.cpp(154): warning C4018: <: несоответствие типов со знаком и без знака
c:\users\rizhi\documents\курсовая работа\интернет аукцион\интернет аукцион\menu.cpp(169): warning C4804: <: небезопасное использование типа "bool" в операции
  Main.cpp
c:\users\rizhi\documents\курсовая работа\интернет аукцион\интернет аукцион\main.cpp(11): error C4996: 'gmtime': This function or variable may be unsafe. Consider using gmtime_s instead. To disable deprecation, use _CRT_SECURE_NO_WARNINGS. See online help for details.
  c:\program files (x86)\windows kits\10\include\10.0.16299.0\ucrt\time.h(495): note:  см. объявление "gmtime"
  Lot.cpp
c:\users\rizhi\documents\курсовая работа\интернет аукцион\интернет аукцион\list.h(39): error C2533: List<X>: конструкторы не разрешены для возвращаемого типа
  c:\users\rizhi\documents\курсовая работа\интернет аукцион\интернет аукцион\list.h(138): note: выполняется компиляция ссылки на экземпляр шаблон класс "List<X>"
c:\users\rizhi\documents\курсовая работа\интернет аукцион\интернет аукцион\list.h(39): error C2533: List<Seller>: конструкторы не разрешены для возвращаемого типа
  c:\users\rizhi\documents\курсовая работа\интернет аукцион\интернет аукцион\list.h(142): note: выполняется компиляция ссылки на экземпляр шаблон класс "List<Seller>"
c:\users\rizhi\documents\курсовая работа\интернет аукцион\интернет аукцион\list.h(40): error C2556: List<Seller>::List(void): перегруженная функция отличается от "List<Seller>::List(void)" только возвращаемым типом
  c:\users\rizhi\documents\курсовая работа\интернет аукцион\интернет аукцион\list.h(39): note:  см. объявление "List<Seller>::List"
c:\users\rizhi\documents\курсовая работа\интернет аукцион\интернет аукцион\list.h(40): error C2371: List<Seller>::List: переопределение; различные базовые типы
  c:\users\rizhi\documents\курсовая работа\интернет аукцион\интернет аукцион\list.h(39): note:  см. объявление "List<Seller>::List"
c:\users\rizhi\documents\курсовая работа\интернет аукцион\интернет аукцион\list.h(41): error C2059: синтаксическая ошибка: =
c:\users\rizhi\documents\курсовая работа\интернет аукцион\интернет аукцион\list.h(41): error C2238: непредвиденные лексемы перед ";"
c:\users\rizhi\documents\курсовая работа\интернет аукцион\интернет аукцион\list.h(39): error C2533: List<Participant>: конструкторы не разрешены для возвращаемого типа
  c:\users\rizhi\documents\курсовая работа\интернет аукцион\интернет аукцион\list.h(143): note: выполняется компиляция ссылки на экземпляр шаблон класс "List<Participant>"
c:\users\rizhi\documents\курсовая работа\интернет аукцион\интернет аукцион\list.h(40): error C2556: List<Participant>::List(void): перегруженная функция отличается от "List<Participant>::List(void)" только возвращаемым типом
  c:\users\rizhi\documents\курсовая работа\интернет аукцион\интернет аукцион\list.h(39): note:  см. объявление "List<Participant>::List"
c:\users\rizhi\documents\курсовая работа\интернет аукцион\интернет аукцион\list.h(40): error C2371: List<Participant>::List: переопределение; различные базовые типы
  c:\users\rizhi\documents\курсовая работа\интернет аукцион\интернет аукцион\list.h(39): note:  см. объявление "List<Participant>::List"
c:\users\rizhi\documents\курсовая работа\интернет аукцион\интернет аукцион\list.h(39): error C2533: List<User>: конструкторы не разрешены для возвращаемого типа
  c:\users\rizhi\documents\курсовая работа\интернет аукцион\интернет аукцион\list.h(144): note: выполняется компиляция ссылки на экземпляр шаблон класс "List<User>"
c:\users\rizhi\documents\курсовая работа\интернет аукцион\интернет аукцион\list.h(40): error C2556: List<User>::List(void): перегруженная функция отличается от "List<User>::List(void)" только возвращаемым типом
  c:\users\rizhi\documents\курсовая работа\интернет аукцион\интернет аукцион\list.h(39): note:  см. объявление "List<User>::List"
c:\users\rizhi\documents\курсовая работа\интернет аукцион\интернет аукцион\list.h(40): error C2371: List<User>::List: переопределение; различные базовые типы
  c:\users\rizhi\documents\курсовая работа\интернет аукцион\интернет аукцион\list.h(39): note:  см. объявление "List<User>::List"
c:\users\rizhi\documents\курсовая работа\интернет аукцион\интернет аукцион\list.h(39): error C2533: List<Lot>: конструкторы не разрешены для возвращаемого типа
  c:\users\rizhi\documents\курсовая работа\интернет аукцион\интернет аукцион\list.h(145): note: выполняется компиляция ссылки на экземпляр шаблон класс "List<Lot>"
c:\users\rizhi\documents\курсовая работа\интернет аукцион\интернет аукцион\list.h(40): error C2556: List<Lot>::List(void): перегруженная функция отличается от "List<Lot>::List(void)" только возвращаемым типом
  c:\users\rizhi\documents\курсовая работа\интернет аукцион\интернет аукцион\list.h(39): note:  см. объявление "List<Lot>::List"
c:\users\rizhi\documents\курсовая работа\интернет аукцион\интернет аукцион\list.h(40): error C2371: List<Lot>::List: переопределение; различные базовые типы
  c:\users\rizhi\documents\курсовая работа\интернет аукцион\интернет аукцион\list.h(39): note:  см. объявление "List<Lot>::List"
c:\users\rizhi\documents\курсовая работа\интернет аукцион\интернет аукцион\list.h(147): error C2264: List<Seller>::List: ошибка в определении или объявлении функции; функция не вызвана
c:\users\rizhi\documents\курсовая работа\интернет аукцион\интернет аукцион\list.h(147): error C2264: List<Participant>::List: ошибка в определении или объявлении функции; функция не вызвана
c:\users\rizhi\documents\курсовая работа\интернет аукцион\интернет аукцион\list.h(147): error C2264: List<User>::List: ошибка в определении или объявлении функции; функция не вызвана
c:\users\rizhi\documents\курсовая работа\интернет аукцион\интернет аукцион\list.h(147): error C2264: List<Lot>::List: ошибка в определении или объявлении функции; функция не вызвана
c:\users\rizhi\documents\курсовая работа\интернет аукцион\интернет аукцион\lot.cpp(16): warning C4804: <: небезопасное использование типа "bool" в операции
c:\users\rizhi\documents\курсовая работа\интернет аукцион\интернет аукцион\lot.cpp(40): warning C4804: <: небезопасное использование типа "bool" в операции
c:\users\rizhi\documents\курсовая работа\интернет аукцион\интернет аукцион\lot.cpp(84): warning C4804: <: небезопасное использование типа "bool" в операции
c:\users\rizhi\documents\курсовая работа\интернет аукцион\интернет аукцион\lot.cpp(122): warning C4804: <: небезопасное использование типа "bool" в операции
c:\users\rizhi\documents\курсовая работа\интернет аукцион\интернет аукцион\lot.cpp(146): warning C4804: <: небезопасное использование типа "bool" в операции
c:\users\rizhi\documents\курсовая работа\интернет аукцион\интернет аукцион\lot.cpp(170): warning C4804: <: небезопасное использование типа "bool" в операции
  Создание кода...
